-------------------------------------------------------------------------------
Test set: io.c360.basefiletodb.BasefiletodbApplicationTests
-------------------------------------------------------------------------------
Tests run: 1, Failures: 0, Errors: 1, Skipped: 0, Time elapsed: 2.813 s <<< FAILURE! - in io.c360.basefiletodb.BasefiletodbApplicationTests
contextLoads  Time elapsed: 0 s  <<< ERROR!
java.lang.IllegalStateException: Failed to load ApplicationContext
Caused by: org.springframework.beans.factory.UnsatisfiedDependencyException: Error creating bean with name 'fileUploadDBController' defined in file [C:\Users\DELL\Desktop\C360Project\basefiletodb\target\classes\io\c360\basefiletodb\Controller\FileUploadDBController.class]: Unsatisfied dependency expressed through constructor parameter 0; nested exception is org.springframework.beans.factory.NoSuchBeanDefinitionException: No qualifying bean of type 'io.c360.basefiletodb.Services.DocumentFileService' available: expected at least 1 bean which qualifies as autowire candidate. Dependency annotations: {}
Caused by: org.springframework.beans.factory.NoSuchBeanDefinitionException: No qualifying bean of type 'io.c360.basefiletodb.Services.DocumentFileService' available: expected at least 1 bean which qualifies as autowire candidate. Dependency annotations: {}

